# JRE version: Java(TM) SE Runtime Environment 18.9 (11.0.10+8) (build 11.0.10+8-LTS-162)
# Java VM: Java HotSpot(TM) 64-Bit Server VM 18.9 (11.0.10+8-LTS-162, mixed mode, tiered, compressed oops, g1 gc, windows-amd64)
Heap:
 garbage-first heap   total 253952K, used 129234K [0x00000000e0000000, 0x0000000100000000)
  region size 1024K, 90 young (92160K), 9 survivors (9216K)
 Metaspace       used 57205K, capacity 58517K, committed 58700K, reserved 305152K
  class space    used 7227K, capacity 7696K, committed 7756K, reserved 253952K
GC Heap History (10 events):
Event: 6.678 GC heap before
{Heap before GC invocations=6 (full 0):
 garbage-first heap   total 253952K, used 47543K [0x00000000e0000000, 0x0000000100000000)
  region size 1024K, 35 young (35840K), 7 survivors (7168K)
 Metaspace       used 35183K, capacity 35775K, committed 35840K, reserved 286720K
  class space    used 4362K, capacity 4557K, committed 4608K, reserved 253952K
}
Event: 6.688 GC heap after
{Heap after GC invocations=7 (full 0):
 garbage-first heap   total 253952K, used 21368K [0x00000000e0000000, 0x0000000100000000)
  region size 1024K, 6 young (6144K), 6 survivors (6144K)
 Metaspace       used 35183K, capacity 35775K, committed 35840K, reserved 286720K
  class space    used 4362K, capacity 4557K, committed 4608K, reserved 253952K
}
Event: 8.410 GC heap before
{Heap before GC invocations=8 (full 0):
 garbage-first heap   total 253952K, used 94072K [0x00000000e0000000, 0x0000000100000000)
  region size 1024K, 78 young (79872K), 6 survivors (6144K)
 Metaspace       used 42233K, capacity 43009K, committed 43340K, reserved 292864K
  class space    used 5332K, capacity 5581K, committed 5708K, reserved 253952K
}
Event: 8.423 GC heap after
{Heap after GC invocations=9 (full 0):
 garbage-first heap   total 253952K, used 24491K [0x00000000e0000000, 0x0000000100000000)
  region size 1024K, 5 young (5120K), 5 survivors (5120K)
 Metaspace       used 42233K, capacity 43009K, committed 43340K, reserved 292864K
  class space    used 5332K, capacity 5581K, committed 5708K, reserved 253952K
}
Event: 9.814 GC heap before
{Heap before GC invocations=9 (full 0):
 garbage-first heap   total 253952K, used 124843K [0x00000000e0000000, 0x0000000100000000)
  region size 1024K, 104 young (106496K), 5 survivors (5120K)
 Metaspace       used 43001K, capacity 43783K, committed 44108K, reserved 292864K
  class space    used 5344K, capacity 5581K, committed 5708K, reserved 253952K
}
Event: 9.824 GC heap after
{Heap after GC invocations=10 (full 0):
 garbage-first heap   total 253952K, used 26203K [0x00000000e0000000, 0x0000000100000000)
  region size 1024K, 7 young (7168K), 7 survivors (7168K)
 Metaspace       used 43001K, capacity 43783K, committed 44108K, reserved 292864K
  class space    used 5344K, capacity 5581K, committed 5708K, reserved 253952K
}
Event: 12.324 GC heap before
{Heap before GC invocations=10 (full 0):
 garbage-first heap   total 253952K, used 158299K [0x00000000e0000000, 0x0000000100000000)
  region size 1024K, 134 young (137216K), 7 survivors (7168K)
 Metaspace       used 49583K, capacity 50581K, committed 50892K, reserved 299008K
  class space    used 6180K, capacity 6495K, committed 6604K, reserved 253952K
}
Event: 12.341 GC heap after
{Heap after GC invocations=11 (full 0):
 garbage-first heap   total 253952K, used 37801K [0x00000000e0000000, 0x0000000100000000)
  region size 1024K, 16 young (16384K), 16 survivors (16384K)
 Metaspace       used 49583K, capacity 50581K, committed 50892K, reserved 299008K
  class space    used 6180K, capacity 6495K, committed 6604K, reserved 253952K
}
Event: 14.232 GC heap before
{Heap before GC invocations=11 (full 0):
 garbage-first heap   total 253952K, used 171945K [0x00000000e0000000, 0x0000000100000000)
  region size 1024K, 148 young (151552K), 16 survivors (16384K)
 Metaspace       used 55051K, capacity 56197K, committed 56524K, reserved 303104K
  class space    used 6959K, capacity 7282K, committed 7372K, reserved 253952K
}
Event: 14.264 GC heap after
{Heap after GC invocations=12 (full 0):
 garbage-first heap   total 253952K, used 45266K [0x00000000e0000000, 0x0000000100000000)
  region size 1024K, 9 young (9216K), 9 survivors (9216K)
 Metaspace       used 55051K, capacity 56197K, committed 56524K, reserved 303104K
  class space    used 6959K, capacity 7282K, committed 7372K, reserved 253952K
}

